0 info it worked if it ends with ok
1 verbose cli [ 'C:\\Program Files\\nodejs\\\\node.exe',
1 verbose cli   'C:\\Program Files\\nodejs\\node_modules\\npm\\bin\\npm-cli.js',
1 verbose cli   'install',
1 verbose cli   'animate-scss',
1 verbose cli   '--save-dev' ]
2 info using npm@1.4.28
3 info using node@v0.10.32
4 verbose node symlink C:\Program Files\nodejs\\node.exe
5 verbose readDependencies using package.json deps
6 verbose cache add [ 'animate-scss', null ]
7 verbose cache add name=undefined spec="animate-scss" args=["animate-scss",null]
8 verbose parsed url { protocol: null,
8 verbose parsed url   slashes: null,
8 verbose parsed url   auth: null,
8 verbose parsed url   host: null,
8 verbose parsed url   port: null,
8 verbose parsed url   hostname: null,
8 verbose parsed url   hash: null,
8 verbose parsed url   search: null,
8 verbose parsed url   query: null,
8 verbose parsed url   pathname: 'animate-scss',
8 verbose parsed url   path: 'animate-scss',
8 verbose parsed url   href: 'animate-scss' }
9 silly lockFile 5acd91b8-animate-scss animate-scss
10 verbose lock animate-scss C:\Users\aparkhomenko\AppData\Roaming\npm-cache\5acd91b8-animate-scss.lock
11 silly lockFile 5acd91b8-animate-scss animate-scss
12 silly lockFile 5acd91b8-animate-scss animate-scss
13 verbose addNamed [ 'animate-scss', '' ]
14 verbose addNamed [ null, '*' ]
15 silly lockFile 5a088dc7-animate-scss animate-scss@
16 verbose lock animate-scss@ C:\Users\aparkhomenko\AppData\Roaming\npm-cache\5a088dc7-animate-scss.lock
17 silly addNameRange { name: 'animate-scss', range: '*', hasData: false }
18 verbose request where is /animate-scss
19 verbose request registry https://registry.npmjs.org/
20 verbose request id f914fedef6a385a8
21 verbose url raw /animate-scss
22 verbose url resolving [ 'https://registry.npmjs.org/', './animate-scss' ]
23 verbose url resolved https://registry.npmjs.org/animate-scss
24 verbose request where is https://registry.npmjs.org/animate-scss
25 info trying registry request attempt 1 at 16:44:47
26 http GET https://registry.npmjs.org/animate-scss
27 http 404 https://registry.npmjs.org/animate-scss
28 silly registry.get cb [ 404,
28 silly registry.get   { 'content-type': 'application/json',
28 silly registry.get     'cache-control': 'max-age=0',
28 silly registry.get     'content-length': '2',
28 silly registry.get     'accept-ranges': 'bytes',
28 silly registry.get     date: 'Tue, 17 Nov 2015 14:44:48 GMT',
28 silly registry.get     via: '1.1 varnish',
28 silly registry.get     age: '0',
28 silly registry.get     connection: 'keep-alive',
28 silly registry.get     'x-served-by': 'cache-fra1247-FRA',
28 silly registry.get     'x-cache': 'MISS',
28 silly registry.get     'x-cache-hits': '0',
28 silly registry.get     'x-timer': 'S1447771488.216527,VS0,VE103' } ]
29 silly lockFile 5a088dc7-animate-scss animate-scss@
30 silly lockFile 5a088dc7-animate-scss animate-scss@
31 error 404 Not Found
31 error 404
31 error 404 'animate-scss' is not in the npm registry.
31 error 404 You should bug the author to publish it
31 error 404 It was specified as a dependency of 'animate.css'
31 error 404
31 error 404 Note that you can also install from a
31 error 404 tarball, folder, or http url, or git url.
32 error System Windows_NT 6.2.9200
33 error command "C:\\Program Files\\nodejs\\\\node.exe" "C:\\Program Files\\nodejs\\node_modules\\npm\\bin\\npm-cli.js" "install" "animate-scss" "--save-dev"
34 error cwd C:\Users\aparkhomenko\WebstormProjects\animate.css
35 error node -v v0.10.32
36 error npm -v 1.4.28
37 error code E404
38 verbose exit [ 1, true ]
